<?xml version="1.0" encoding="UTF-8"?>
<!-- Generated by org.testng.reporters.JUnitReportReporter -->
<testsuite hostname="Lenovo" failures="0" tests="1" name="com.qa.testscripts.TC_AmazonSearch_001" time="33.372" errors="0" timestamp="2022-12-10T09:11:43 IST" skipped="0">
  <testcase classname="com.qa.testscripts.TC_AmazonSearch_001" name="Search" time="33.372"/>
  <system-out/>
</testsuite> <!-- com.qa.testscripts.TC_AmazonSearch_001 -->
